<?xml version="1.0" encoding="UTF-8"?>
<!-- Generated by org.testng.reporters.JUnitReportReporter -->
<testsuite hostname="SAI" failures="0" tests="1" name="webpage.Amazon_login" time="5.172" errors="0" timestamp="2025-02-11T11:43:43 IST" skipped="0">
  <testcase classname="webpage.Amazon_login" name="login" time="5.172"/>
</testsuite> <!-- webpage.Amazon_login -->
