<?xml version="1.0" encoding="UTF-8"?>
<!-- Generated by org.testng.reporters.JUnitReportReporter -->
<testsuite hostname="SAI" failures="0" tests="1" name="webpage.Automation_teststore_register" time="8.765" errors="0" timestamp="2025-02-13T12:21:06 IST" skipped="0">
  <testcase classname="webpage.Automation_teststore_register" name="newregistration" time="8.765"/>
</testsuite> <!-- webpage.Automation_teststore_register -->
